log_dump.sh 1970-0101T08:00:17 daemon.sh: mqtt reboot 

             total         used         free       shared      buffers
Mem:         74812        55408        19404           16           16
-/+ buffers:              55392        19420
Swap:            0            0            0
log_dump.sh 2025-0718T14:21:33 daemon.sh: pintura reboot 

             total         used         free       shared      buffers
Mem:         74812        38724        36088           20          196
-/+ buffers:              38528        36284
Swap:            0            0            0
log_dump.sh 2025-0718T14:23:47 daemon.sh: pintura reboot 

             total         used         free       shared      buffers
Mem:         74812        38888        35924           20          136
-/+ buffers:              38752        36060
Swap:            0            0            0
log_dump.sh 2025-0718T14:24:20 daemon.sh: video reboot 

             total         used         free       shared      buffers
Mem:         74812        48276        26536           20          196
-/+ buffers:              48080        26732
Swap:            0            0            0
log_dump.sh 2025-0718T14:24:26 daemon.sh: video reboot 

             total         used         free       shared      buffers
Mem:         74812        50816        23996           20          196
-/+ buffers:              50620        24192
Swap:            0            0            0
log_dump.sh 2025-0718T14:30:10 daemon.sh: pintura reboot 

             total         used         free       shared      buffers
Mem:         74812        38320        36492           20          196
-/+ buffers:              38124        36688
Swap:            0            0            0
log_dump.sh 2025-0718T14:30:16 daemon.sh: pintura reboot 

             total         used         free       shared      buffers
Mem:         74812        38240        36572           20          136
-/+ buffers:              38104        36708
Swap:            0            0            0
log_dump.sh 2025-0718T14:30:22 daemon.sh: pintura reboot 

             total         used         free       shared      buffers
Mem:         74812        38260        36552           20          136
-/+ buffers:              38124        36688
Swap:            0            0            0
log_dump.sh 2025-0718T15:16:32 daemon.sh: mqtt reboot 

             total         used         free       shared      buffers
Mem:         74812        62032        12780           32          336
-/+ buffers:              61696        13116
Swap:            0            0            0
log_dump.sh 2025-0718T15:17:18 daemon.sh: pintura reboot 

             total         used         free       shared      buffers
Mem:         74812        41536        33276           36           80
-/+ buffers:              41456        33356
Swap:            0            0            0
log_dump.sh 2025-0718T15:19:03 sleep.sh: pintura kill -2 

             total         used         free       shared      buffers
Mem:         74812        57696        17116           28          144
-/+ buffers:              57552        17260
Swap:            0            0            0
log_dump.sh 2025-0718T15:19:03 sleep.sh: video kill 

             total         used         free       shared      buffers
Mem:         74812        48088        26724           28          144
-/+ buffers:              47944        26868
Swap:            0            0            0
log_dump.sh 2025-0718T15:19:03 sleep.sh: screen kill 

             total         used         free       shared      buffers
Mem:         74812        42588        32224           28          144
-/+ buffers:              42444        32368
Swap:            0            0            0
log_dump.sh 2025-0718T15:19:07 wakeup.sh:screen reboot 1 

             total         used         free       shared      buffers
Mem:         74812        42172        32640           28          144
-/+ buffers:              42028        32784
Swap:            0            0            0
log_dump.sh 2025-0718T15:19:07 wakeup.sh:pintura reboot 1 

             total         used         free       shared      buffers
Mem:         74812        43192        31620           28          144
-/+ buffers:              43048        31764
Swap:            0            0            0
log_dump.sh 2025-0718T15:19:09 wakeup.sh:video_player reboot 1 

             total         used         free       shared      buffers
Mem:         74812        49392        25420           24          196
-/+ buffers:              49196        25616
Swap:            0            0            0
